<?xml version="1.0" encoding="UTF-8"?>
<!-- Generated by org.testng.reporters.JUnitReportReporter -->
<testsuite hostname="Lenovo-PC" failures="0" tests="2" name="Groups.TestingGroups" time="0.034" errors="0" timestamp="2023-06-14T16:58:42 IST" skipped="0">
  <testcase classname="Groups.TestingGroups" name="test2" time="0.008"/>
  <testcase classname="Groups.TestingGroups" name="test1" time="0.026"/>
</testsuite> <!-- Groups.TestingGroups -->
