<?xml version="1.0" encoding="UTF-8"?>
<!-- Generated by org.testng.reporters.JUnitReportReporter -->
<testsuite hostname="Lenovo-PC" failures="0" tests="2" name="parallelTesting.paralleltest" time="102.544" errors="0" timestamp="2023-06-13T16:22:27 IST" skipped="0">
  <testcase classname="parallelTesting.paralleltest" name="homepageTitle" time="51.269"/>
  <testcase classname="parallelTesting.paralleltest" name="logo" time="51.275"/>
</testsuite> <!-- parallelTesting.paralleltest -->
