<?xml version="1.0" encoding="UTF-8"?>
<!-- Generated by org.testng.reporters.JUnitReportReporter -->
<testsuite hostname="Lenovo-PC" failures="0" tests="2" name="Invoice.InvoiceCount" time="34.671" errors="0" timestamp="2023-06-13T15:08:52 IST" skipped="0">
  <testcase classname="Invoice.InvoiceCount" name="homepage" time="16.690"/>
  <testcase classname="Invoice.InvoiceCount" name="homepage" time="17.981"/>
</testsuite> <!-- Invoice.InvoiceCount -->
