<?xml version="1.0" encoding="UTF-8"?>
<!-- Generated by org.testng.reporters.JUnitReportReporter -->
<testsuite hostname="Lenovo-PC" failures="0" tests="1" name="Groups.ReusableCalling" time="62.308" errors="0" timestamp="2023-06-13T12:53:38 IST" skipped="0">
  <testcase classname="Groups.ReusableCalling" name="result" time="62.308"/>
</testsuite> <!-- Groups.ReusableCalling -->
