<?xml version="1.0" encoding="UTF-8"?>
<!-- Generated by org.testng.reporters.JUnitReportReporter -->
<testsuite hostname="Lenovo-PC" failures="0" tests="1" name="parallelTesting.ParallelTestingMethods" time="50.570" errors="0" timestamp="2023-06-13T16:22:27 IST" skipped="0">
  <testcase classname="parallelTesting.ParallelTestingMethods" name="homePageTitle" time="50.570"/>
</testsuite> <!-- parallelTesting.ParallelTestingMethods -->
