<?xml version="1.0" encoding="UTF-8"?>
<!-- Generated by org.testng.reporters.JUnitReportReporter -->
<testsuite hostname="Lenovo-PC" failures="0" tests="1" name="Invoice.InvoiceCount1" time="93.387" errors="0" timestamp="2023-06-13T15:04:53 IST" skipped="0">
  <testcase classname="Invoice.InvoiceCount1" name="homepage" time="93.387"/>
</testsuite> <!-- Invoice.InvoiceCount1 -->
