<?xml version="1.0" encoding="UTF-8"?>
<!-- Generated by org.testng.reporters.JUnitReportReporter -->
<testsuite hostname="ADMIN-PC" failures="0" tests="2" name="Listener.DataProvider" time="14.017" errors="0" timestamp="2023-05-31T05:05:16 PDT" skipped="0">
  <testcase classname="Listener.DataProvider" name="Users" time="7.615"/>
  <system-out/>
  <testcase classname="Listener.DataProvider" name="Users" time="6.402"/>
  <system-out/>
</testsuite> <!-- Listener.DataProvider -->
