<?xml version="1.0" encoding="UTF-8"?>
<!-- Generated by org.testng.reporters.JUnitReportReporter -->
<testsuite hostname="ADMIN-PC" failures="0" tests="5" name="TestNGOne.TestCaseOne" time="0.069" errors="0" timestamp="2023-04-20T17:09:08 PDT" skipped="0">
  <testcase classname="TestNGOne.TestCaseOne" name="setup" time="0.009"/>
  <system-out/>
  <testcase classname="TestNGOne.TestCaseOne" name="login" time="0.026"/>
  <system-out/>
  <testcase classname="TestNGOne.TestCaseOne" name="register" time="0.012"/>
  <system-out/>
  <testcase classname="TestNGOne.TestCaseOne" name="profile" time="0.010"/>
  <system-out/>
  <testcase classname="TestNGOne.TestCaseOne" name="logout" time="0.012"/>
  <system-out/>
</testsuite> <!-- TestNGOne.TestCaseOne -->
