<?xml version="1.0" encoding="UTF-8"?>
<!-- Generated by org.testng.reporters.JUnitReportReporter -->
<testsuite hostname="Lenovo-PC" failures="0" tests="1" name="parallelTesting.ParallelTestTwo" time="23.944" errors="0" timestamp="2023-06-13T16:22:27 IST" skipped="0">
  <testcase classname="parallelTesting.ParallelTestTwo" name="login" time="23.944"/>
</testsuite> <!-- parallelTesting.ParallelTestTwo -->
