<?xml version="1.0" encoding="UTF-8"?>
<!-- Generated by org.testng.reporters.JUnitReportReporter -->
<testsuite hostname="Lenovo-PC" failures="0" tests="2" name="Listener.DataProvider1" time="29.562" errors="0" timestamp="2023-06-14T16:46:11 IST" skipped="0">
  <testcase classname="Listener.DataProvider1" name="Users" time="16.249"/>
  <testcase classname="Listener.DataProvider1" name="Users" time="13.313"/>
</testsuite> <!-- Listener.DataProvider1 -->
