<?xml version="1.0" encoding="UTF-8"?>
<!-- Generated by org.testng.reporters.JUnitReportReporter -->
<testsuite hostname="Lenovo-PC" failures="0" tests="5" name="TestNGOne.Annotation" time="0.059" errors="0" timestamp="2023-06-13T16:26:19 IST" skipped="0">
  <testcase classname="TestNGOne.Annotation" name="login" time="0.016"/>
  <testcase classname="TestNGOne.Annotation" name="profile" time="0.014"/>
  <testcase classname="TestNGOne.Annotation" name="register" time="0.005"/>
  <testcase classname="TestNGOne.Annotation" name="logout" time="0.012"/>
  <testcase classname="TestNGOne.Annotation" name="setup" time="0.012"/>
</testsuite> <!-- TestNGOne.Annotation -->
