<?xml version="1.0" encoding="UTF-8"?>
<!-- Generated by org.testng.reporters.JUnitReportReporter -->
<testsuite hostname="Lenovo-PC" failures="0" tests="4" name="TestNGOne.MultiplecaseDepends" time="0.050" errors="0" timestamp="2023-07-13T13:19:34 IST" skipped="0">
  <testcase classname="TestNGOne.MultiplecaseDepends" name="user" time="0.030"/>
  <testcase classname="TestNGOne.MultiplecaseDepends" name="developer" time="0.006"/>
  <testcase classname="TestNGOne.MultiplecaseDepends" name="software" time="0.006"/>
  <testcase classname="TestNGOne.MultiplecaseDepends" name="tester" time="0.008"/>
</testsuite> <!-- TestNGOne.MultiplecaseDepends -->
