<?xml version="1.0" encoding="UTF-8"?>
<!-- Generated by org.testng.reporters.JUnitReportReporter -->
<testsuite hostname="Lenovo-PC" failures="0" tests="3" name="TestNGOne.DayTwo" time="0.045" errors="0" timestamp="2023-06-13T16:30:31 IST" skipped="0">
  <testcase classname="TestNGOne.DayTwo" name="setup" time="0.029"/>
  <testcase classname="TestNGOne.DayTwo" name="login" time="0.008"/>
  <testcase classname="TestNGOne.DayTwo" name="logout" time="0.008"/>
</testsuite> <!-- TestNGOne.DayTwo -->
