<?xml version="1.0" encoding="UTF-8"?>
<!-- Generated by org.testng.reporters.JUnitReportReporter -->
<testsuite hostname="Lenovo-PC" failures="0" tests="1" name="Parallel.ParallelFirefox" time="85.180" errors="0" timestamp="2023-06-13T15:18:19 IST" skipped="0">
  <testcase classname="Parallel.ParallelFirefox" name="homepage" time="85.180"/>
</testsuite> <!-- Parallel.ParallelFirefox -->
