<?xml version="1.0" encoding="UTF-8"?>
<!-- Generated by org.testng.reporters.JUnitReportReporter -->
<testsuite hostname="Lenovo-PC" failures="0" tests="3" name="Suit.suit" time="149.362" errors="0" timestamp="2023-06-14T16:49:25 IST" skipped="0">
  <testcase classname="Suit.suit" name="openyahoo" time="32.437"/>
  <testcase classname="Suit.suit" name="opengoogle" time="65.332"/>
  <testcase classname="Suit.suit" name="openbing" time="51.593"/>
</testsuite> <!-- Suit.suit -->
