<?xml version="1.0" encoding="UTF-8"?>
<!-- Generated by org.testng.reporters.JUnitReportReporter -->
<testsuite hostname="Lenovo-PC" failures="0" tests="3" name="Groups.SampleDataProvider" time="0.036" errors="0" timestamp="2023-06-13T12:55:40 IST" skipped="0">
  <testcase classname="Groups.SampleDataProvider" name="login" time="0.006"/>
  <testcase classname="Groups.SampleDataProvider" name="login" time="0.025"/>
  <testcase classname="Groups.SampleDataProvider" name="login" time="0.005"/>
</testsuite> <!-- Groups.SampleDataProvider -->
