<?xml version="1.0" encoding="UTF-8"?>
<!-- Generated by org.testng.reporters.JUnitReportReporter -->
<testsuite hostname="Lenovo-PC" failures="0" tests="4" name="TestNGOne.DayOne" time="0.049" errors="0" timestamp="2023-06-13T16:30:21 IST" skipped="0">
  <testcase classname="TestNGOne.DayOne" name="register" time="0.006"/>
  <testcase classname="TestNGOne.DayOne" name="logout" time="0.007"/>
  <testcase classname="TestNGOne.DayOne" name="setup" time="0.006"/>
  <testcase classname="TestNGOne.DayOne" name="login" time="0.030"/>
</testsuite> <!-- TestNGOne.DayOne -->
