<?xml version="1.0" encoding="UTF-8"?>
<!-- Generated by org.testng.reporters.JUnitReportReporter -->
<testsuite hostname="ADMIN-PC" failures="0" tests="3" name="Groups.dataprovider" time="32.462" errors="0" timestamp="2023-04-21T17:25:32 PDT" skipped="0">
  <testcase classname="Groups.dataprovider" name="data" time="11.061"/>
  <system-out/>
  <testcase classname="Groups.dataprovider" name="data" time="8.906"/>
  <system-out/>
  <testcase classname="Groups.dataprovider" name="data" time="12.495"/>
  <system-out/>
</testsuite> <!-- Groups.dataprovider -->
