<?xml version="1.0" encoding="UTF-8"?>
<!-- Generated by org.testng.reporters.JUnitReportReporter -->
<testsuite hostname="Lenovo-PC" failures="0" tests="3" name="Suit.group" time="0.230" errors="0" timestamp="2023-06-14T16:49:25 IST" skipped="0">
  <testcase classname="Suit.group" name="logout" time="0.064"/>
  <testcase classname="Suit.group" name="login" time="0.153"/>
  <testcase classname="Suit.group" name="register" time="0.013"/>
</testsuite> <!-- Suit.group -->
